<?xml version="1.0" encoding="UTF-8"?>
<testng-results ignored="0" total="1" passed="1" failed="0" skipped="0">
  <reporter-output>
  </reporter-output>
  <suite started-at="2022-09-03T21:22:34 IST" name="Default suite" finished-at="2022-09-03T21:22:56 IST" duration-ms="22006">
    <groups>
    </groups>
    <test started-at="2022-09-03T21:22:34 IST" name="Default test" finished-at="2022-09-03T21:22:56 IST" duration-ms="22006">
      <class name="com.test.cases.TestCase_LoginFunction">
        <test-method is-config="true" signature="BrowserSet()[pri:0, instance:com.test.cases.TestCase_LoginFunction@51c668e3]" started-at="2022-09-03T21:22:34 IST" name="BrowserSet" finished-at="2022-09-03T21:22:49 IST" duration-ms="14856" status="PASS">
          <reporter-output>
          </reporter-output>
        </test-method> <!-- BrowserSet -->
        <test-method signature="LogIn()[pri:0, instance:com.test.cases.TestCase_LoginFunction@51c668e3]" started-at="2022-09-03T21:22:49 IST" name="LogIn" finished-at="2022-09-03T21:22:53 IST" duration-ms="4609" status="PASS">
          <reporter-output>
          </reporter-output>
        </test-method> <!-- LogIn -->
        <test-method is-config="true" signature="tearUp()[pri:0, instance:com.test.cases.TestCase_LoginFunction@51c668e3]" started-at="2022-09-03T21:22:53 IST" name="tearUp" finished-at="2022-09-03T21:22:56 IST" duration-ms="2475" status="PASS">
          <reporter-output>
          </reporter-output>
        </test-method> <!-- tearUp -->
      </class> <!-- com.test.cases.TestCase_LoginFunction -->
    </test> <!-- Default test -->
  </suite> <!-- Default suite -->
</testng-results>
